# JRE version: Java(TM) SE Runtime Environment (17.0.6+9) (build 17.0.6+9-LTS-190)
# Java VM: Java HotSpot(TM) 64-Bit Server VM (17.0.6+9-LTS-190, mixed mode, sharing, tiered, compressed oops, compressed class ptrs, g1 gc, windows-amd64)
GC Precious Log:
 CPUs: 6 total, 6 available
 Memory: 12188M
 Large Page Support: Disabled
 NUMA Support: Disabled
 Compressed Oops: Enabled (Zero based)
 Heap Region Size: 2M
 Heap Min Capacity: 8M
 Heap Initial Capacity: 192M
 Heap Max Capacity: 3048M
 Pre-touch: Disabled
 Parallel Workers: 6
 Concurrent Workers: 2
 Concurrent Refinement Workers: 6
 Periodic GC: Disabled
Heap:
 garbage-first heap   total 65536K, used 40889K [0x0000000741800000, 0x0000000800000000)
  region size 2048K, 4 young (8192K), 1 survivors (2048K)
 Metaspace       used 58102K, committed 58752K, reserved 1105920K
  class space    used 7628K, committed 7936K, reserved 1048576K
GC Heap History (20 events):
Event: 61.464 GC heap before
{Heap before GC invocations=11 (full 0):
 garbage-first heap   total 61440K, used 26293K [0x0000000741800000, 0x0000000800000000)
  region size 2048K, 4 young (8192K), 2 survivors (4096K)
 Metaspace       used 35572K, committed 35968K, reserved 1081344K
  class space    used 4553K, committed 4736K, reserved 1048576K
}
Event: 61.471 GC heap after
{Heap after GC invocations=12 (full 0):
 garbage-first heap   total 61440K, used 24394K [0x0000000741800000, 0x0000000800000000)
  region size 2048K, 1 young (2048K), 1 survivors (2048K)
 Metaspace       used 35572K, committed 35968K, reserved 1081344K
  class space    used 4553K, committed 4736K, reserved 1048576K
}
Event: 64.573 GC heap before
{Heap before GC invocations=13 (full 0):
 garbage-first heap   total 61440K, used 44874K [0x0000000741800000, 0x0000000800000000)
  region size 2048K, 11 young (22528K), 1 survivors (2048K)
 Metaspace       used 38231K, committed 38720K, reserved 1089536K
  class space    used 4919K, committed 5120K, reserved 1048576K
}
Event: 64.579 GC heap after
{Heap after GC invocations=14 (full 0):
 garbage-first heap   total 61440K, used 26237K [0x0000000741800000, 0x0000000800000000)
  region size 2048K, 2 young (4096K), 2 survivors (4096K)
 Metaspace       used 38231K, committed 38720K, reserved 1089536K
  class space    used 4919K, committed 5120K, reserved 1048576K
}
Event: 65.319 GC heap before
{Heap before GC invocations=14 (full 0):
 garbage-first heap   total 61440K, used 28285K [0x0000000741800000, 0x0000000800000000)
  region size 2048K, 3 young (6144K), 2 survivors (4096K)
 Metaspace       used 39180K, committed 39680K, reserved 1089536K
  class space    used 5039K, committed 5248K, reserved 1048576K
}
Event: 65.329 GC heap after
{Heap after GC invocations=15 (full 0):
 garbage-first heap   total 61440K, used 26318K [0x0000000741800000, 0x0000000800000000)
  region size 2048K, 1 young (2048K), 1 survivors (2048K)
 Metaspace       used 39180K, committed 39680K, reserved 1089536K
  class space    used 5039K, committed 5248K, reserved 1048576K
}
Event: 68.705 GC heap before
{Heap before GC invocations=15 (full 0):
 garbage-first heap   total 61440K, used 44750K [0x0000000741800000, 0x0000000800000000)
  region size 2048K, 11 young (22528K), 1 survivors (2048K)
 Metaspace       used 42503K, committed 42944K, reserved 1089536K
  class space    used 5627K, committed 5824K, reserved 1048576K
}
Event: 68.716 GC heap after
{Heap after GC invocations=16 (full 0):
 garbage-first heap   total 61440K, used 28125K [0x0000000741800000, 0x0000000800000000)
  region size 2048K, 2 young (4096K), 2 survivors (4096K)
 Metaspace       used 42503K, committed 42944K, reserved 1089536K
  class space    used 5627K, committed 5824K, reserved 1048576K
}
Event: 75.975 GC heap before
{Heap before GC invocations=16 (full 0):
 garbage-first heap   total 61440K, used 46557K [0x0000000741800000, 0x0000000800000000)
  region size 2048K, 11 young (22528K), 2 survivors (4096K)
 Metaspace       used 45310K, committed 45824K, reserved 1089536K
  class space    used 6040K, committed 6272K, reserved 1048576K
}
Event: 75.985 GC heap after
{Heap after GC invocations=17 (full 0):
 garbage-first heap   total 61440K, used 29692K [0x0000000741800000, 0x0000000800000000)
  region size 2048K, 2 young (4096K), 2 survivors (4096K)
 Metaspace       used 45310K, committed 45824K, reserved 1089536K
  class space    used 6040K, committed 6272K, reserved 1048576K
}
Event: 80.736 GC heap before
{Heap before GC invocations=17 (full 0):
 garbage-first heap   total 61440K, used 48124K [0x0000000741800000, 0x0000000800000000)
  region size 2048K, 11 young (22528K), 2 survivors (4096K)
 Metaspace       used 48910K, committed 49408K, reserved 1097728K
  class space    used 6531K, committed 6784K, reserved 1048576K
}
Event: 80.747 GC heap after
{Heap after GC invocations=18 (full 0):
 garbage-first heap   total 61440K, used 32379K [0x0000000741800000, 0x0000000800000000)
  region size 2048K, 2 young (4096K), 2 survivors (4096K)
 Metaspace       used 48910K, committed 49408K, reserved 1097728K
  class space    used 6531K, committed 6784K, reserved 1048576K
}
Event: 87.488 GC heap before
{Heap before GC invocations=18 (full 0):
 garbage-first heap   total 61440K, used 48763K [0x0000000741800000, 0x0000000800000000)
  region size 2048K, 10 young (20480K), 2 survivors (4096K)
 Metaspace       used 52103K, committed 52672K, reserved 1097728K
  class space    used 6933K, committed 7168K, reserved 1048576K
}
Event: 87.502 GC heap after
{Heap after GC invocations=19 (full 0):
 garbage-first heap   total 61440K, used 34235K [0x0000000741800000, 0x0000000800000000)
  region size 2048K, 1 young (2048K), 1 survivors (2048K)
 Metaspace       used 52103K, committed 52672K, reserved 1097728K
  class space    used 6933K, committed 7168K, reserved 1048576K
}
Event: 91.343 GC heap before
{Heap before GC invocations=20 (full 0):
 garbage-first heap   total 61440K, used 48571K [0x0000000741800000, 0x0000000800000000)
  region size 2048K, 8 young (16384K), 1 survivors (2048K)
 Metaspace       used 55298K, committed 55872K, reserved 1097728K
  class space    used 7381K, committed 7680K, reserved 1048576K
}
Event: 91.348 GC heap after
{Heap after GC invocations=21 (full 0):
 garbage-first heap   total 61440K, used 35040K [0x0000000741800000, 0x0000000800000000)
  region size 2048K, 1 young (2048K), 1 survivors (2048K)
 Metaspace       used 55298K, committed 55872K, reserved 1097728K
  class space    used 7381K, committed 7680K, reserved 1048576K
}
Event: 148.673 GC heap before
{Heap before GC invocations=21 (full 0):
 garbage-first heap   total 61440K, used 47328K [0x0000000741800000, 0x0000000800000000)
  region size 2048K, 7 young (14336K), 1 survivors (2048K)
 Metaspace       used 57200K, committed 57792K, reserved 1105920K
  class space    used 7612K, committed 7936K, reserved 1048576K
}
Event: 148.681 GC heap after
{Heap after GC invocations=22 (full 0):
 garbage-first heap   total 61440K, used 36278K [0x0000000741800000, 0x0000000800000000)
  region size 2048K, 1 young (2048K), 1 survivors (2048K)
 Metaspace       used 57200K, committed 57792K, reserved 1105920K
  class space    used 7612K, committed 7936K, reserved 1048576K
}
Event: 449.426 GC heap before
{Heap before GC invocations=23 (full 0):
 garbage-first heap   total 65536K, used 48566K [0x0000000741800000, 0x0000000800000000)
  region size 2048K, 7 young (14336K), 1 survivors (2048K)
 Metaspace       used 57954K, committed 58560K, reserved 1105920K
  class space    used 7628K, committed 7936K, reserved 1048576K
}
Event: 449.431 GC heap after
{Heap after GC invocations=24 (full 0):
 garbage-first heap   total 65536K, used 36793K [0x0000000741800000, 0x0000000800000000)
  region size 2048K, 1 young (2048K), 1 survivors (2048K)
 Metaspace       used 57954K, committed 58560K, reserved 1105920K
  class space    used 7628K, committed 7936K, reserved 1048576K
}

